INFO: [VRFC 10-2263] Analyzing Verilog file "E:/Vivado-projects/pipeline_cpu/pipeline_cpu.sim/sim_1/synth/timing/pipeline_tb_time_synth.v" into library xil_defaultlib
INFO: [VRFC 10-311] analyzing module RAM256X1S_UNIQ_BASE_
INFO: [VRFC 10-311] analyzing module RAM256X1S_HD1
INFO: [VRFC 10-311] analyzing module RAM256X1S_HD10
INFO: [VRFC 10-311] analyzing module RAM256X1S_HD11
INFO: [VRFC 10-311] analyzing module RAM256X1S_HD12
INFO: [VRFC 10-311] analyzing module RAM256X1S_HD13
INFO: [VRFC 10-311] analyzing module RAM256X1S_HD14
INFO: [VRFC 10-311] analyzing module RAM256X1S_HD15
INFO: [VRFC 10-311] analyzing module RAM256X1S_HD16
INFO: [VRFC 10-311] analyzing module RAM256X1S_HD17
INFO: [VRFC 10-311] analyzing module RAM256X1S_HD18
INFO: [VRFC 10-311] analyzing module RAM256X1S_HD19
INFO: [VRFC 10-311] analyzing module RAM256X1S_HD2
INFO: [VRFC 10-311] analyzing module RAM256X1S_HD20
INFO: [VRFC 10-311] analyzing module RAM256X1S_HD21
INFO: [VRFC 10-311] analyzing module RAM256X1S_HD22
INFO: [VRFC 10-311] analyzing module RAM256X1S_HD23
INFO: [VRFC 10-311] analyzing module RAM256X1S_HD24
INFO: [VRFC 10-311] analyzing module RAM256X1S_HD25
INFO: [VRFC 10-311] analyzing module RAM256X1S_HD26
INFO: [VRFC 10-311] analyzing module RAM256X1S_HD27
INFO: [VRFC 10-311] analyzing module RAM256X1S_HD28
INFO: [VRFC 10-311] analyzing module RAM256X1S_HD29
INFO: [VRFC 10-311] analyzing module RAM256X1S_HD3
INFO: [VRFC 10-311] analyzing module RAM256X1S_HD30
INFO: [VRFC 10-311] analyzing module RAM256X1S_HD31
INFO: [VRFC 10-311] analyzing module RAM256X1S_HD4
INFO: [VRFC 10-311] analyzing module RAM256X1S_HD5
INFO: [VRFC 10-311] analyzing module RAM256X1S_HD6
INFO: [VRFC 10-311] analyzing module RAM256X1S_HD7
INFO: [VRFC 10-311] analyzing module RAM256X1S_HD8
INFO: [VRFC 10-311] analyzing module RAM256X1S_HD9
INFO: [VRFC 10-311] analyzing module ROM
INFO: [VRFC 10-311] analyzing module Assist_ALU
INFO: [VRFC 10-311] analyzing module Control
INFO: [VRFC 10-311] analyzing module Data_CONF
INFO: [VRFC 10-311] analyzing module Data_Mem
INFO: [VRFC 10-311] analyzing module EX_MEM_Reg
INFO: [VRFC 10-311] analyzing module ID_EX_Reg
INFO: [VRFC 10-311] analyzing module IF_ID_Reg
INFO: [VRFC 10-311] analyzing module IF_Module
INFO: [VRFC 10-311] analyzing module LOHI
INFO: [VRFC 10-311] analyzing module MEM_WB_Reg
INFO: [VRFC 10-311] analyzing module MUL
INFO: [VRFC 10-311] analyzing module MULU
INFO: [VRFC 10-311] analyzing module Pipeline_Core
INFO: [VRFC 10-311] analyzing module Pipeline_cpu
INFO: [VRFC 10-311] analyzing module RegFile
INFO: [VRFC 10-311] analyzing module clk_div
INFO: [VRFC 10-311] analyzing module seg7x16
INFO: [VRFC 10-311] analyzing module ROM_dist_mem_gen_v8_0_10
INFO: [VRFC 10-311] analyzing module ROM_dist_mem_gen_v8_0_10_rom
INFO: [VRFC 10-311] analyzing module ROM_dist_mem_gen_v8_0_10_synth
INFO: [VRFC 10-311] analyzing module glbl
INFO: [VRFC 10-2263] Analyzing Verilog file "E:/Vivado-projects/pipeline_cpu/pipeline_cpu.srcs/sim_1/new/pipeline_tb.v" into library xil_defaultlib
INFO: [VRFC 10-311] analyzing module pipeline_tb
