Unable to capture context for thread 5756 in process 4572, can not generate back trace
Exception at PC 0x00007FF819B2BB93
Printing stacktrace...

Unable to capture context for thread 5756 in process 4572, can not generate back trace
Exception at PC 0x00007FF841A6A388
Exception at PC 0x00007FF841A6A388
Exception at PC 0x00007FF841A6A388
Exception at PC 0x00007FF841A6A388
Exception at PC 0x00007FF841A6A388
Exception at PC 0x00007FF841A6A388
Exception at PC 0x00007FF841A6A388
Exception at PC 0x00007FF841A6A388
Exception at PC 0x00007FF841A6A388
Exception at PC 0x00007FF841A6A388
Exception at PC 0x00007FF841A6A388
Exception at PC 0x00007FF841A6A388
Exception at PC 0x00007FF841A6A388
[0]  [0x00007FF819B2BB93]
[1]  [0x00007FF819B2BB93]
[2]  [0x00007FF819B2B4A1]
[3]  [0x00007FF819B2B3EF]
[4]  [0x00007FF819B119FE]
[5]  [0x00007FF819B10ED1]
[6]  [0x00007FF819B10D76]
[7]  [0x00007FF819AB79F6]
[8]  [0x00007FF819AA7AFB]
[9]  [0x00007FF819BCE90A]
[10]  [0x00007FF819BE9F87]
[11]  [0x00007FF819BEA05F]
[12] (BaseThreadInitThunk+0x14) [0x00007FF843293034]
[13] (RtlUserThreadStart+0x21) [0x00007FF845681461]
Done
Exception at PC 0x00007FF841A6A388
Exception at PC 0x00007FF841A6A388
Exception at PC 0x00007FF841A6A388
Exception at PC 0x00007FF841A6A388
Exception at PC 0x00007FF841A6A388
Exception at PC 0x00007FF841A6A388
Exception at PC 0x00007FF841A6A388
